<?xml version="1.0" encoding="UTF-8"?>
<testsuite name="com.kodilla.stream.world.WorldTestSuite" tests="1" skipped="0" failures="0" errors="0" timestamp="2019-08-23T15:50:01" hostname="DESKTOP-O55HFVT" time="0.006">
  <properties/>
  <testcase name="testGetPeopleQuantity" classname="com.kodilla.stream.world.WorldTestSuite" time="0.006"/>
  <system-out><![CDATA[2000000
]]></system-out>
  <system-err><![CDATA[]]></system-err>
</testsuite>
